GET /updation
GET /about
GET /
GET /
GET /
GET /about
GET /updation
GET /
GET /favicon.ico
GET /updation
GET /
GET /about
GET /updation
GET /updation
GET /
GET /
GET /
GET /favicon.ico
GET /
GET /updation
GET /about
GET /
GET /
GET /
GET /
GET /
GET /
GET /
GET /
GET /
GET /
GET /
GET /
GET /
GET /
GET /
GET /updation
GET /about
GET /about
GET /
GET /about
GET /updation
GET /updation
GET /
GET /
GET /
GET /
GET /
GET /
GET /
GET /
GET /
GET /
GET /
GET /
GET /
GET /personalinfo
GET /personalinfo
